<?xml version="1.0" encoding="UTF-8"?>
<testsuite xmlns:xsi="http://www.w3.org/2001/XMLSchema-instance" xsi:noNamespaceSchemaLocation="https://maven.apache.org/surefire/maven-surefire-plugin/xsd/surefire-test-report-3.0.xsd" version="3.0" name="TestSuite" time="124.118" tests="14" errors="0" skipped="12" failures="2">
  <properties>
[...]
</properties>
  <testcase name="beforeTest[chrome](0)" classname="com.reobeen.qa.testcase.ContactTest" time="114.466">
    <failure message="chrome not reachable&#10;Build info: version: &apos;3.141.59&apos;, revision: &apos;e82be7d358&apos;, time: &apos;2018-11-14T08:17:03&apos;&#10;System info: host: &apos;LAPTOP-7BGC73VB&apos;, ip: &apos;192.168.1.7&apos;, os.name: &apos;Windows 10&apos;, os.arch: &apos;amd64&apos;, os.version: &apos;10.0&apos;, java.version: &apos;1.8.0_291&apos;&#10;Driver info: driver.version: ChromeDriver&#10;remote stacktrace: Backtrace:&#10;	Ordinal0 [0x0124A2D3+2663123]&#10;	Ordinal0 [0x011DA491+2204817]&#10;	Ordinal0 [0x010C1FE0+1056736]&#10;	Ordinal0 [0x010B6F95+1011605]&#10;	Ordinal0 [0x010DFD61+1178977]&#10;	Ordinal0 [0x010DC335+1164085]&#10;	Ordinal0 [0x010D9B7F+1153919]&#10;	Ordinal0 [0x01109D8F+1351055]&#10;	Ordinal0 [0x011099FA+1350138]&#10;	Ordinal0 [0x0110589B+1333403]&#10;	Ordinal0 [0x010E1F74+1187700]&#10;	Ordinal0 [0x010E2DC9+1191369]&#10;	GetHandleVerifier [0x013E30D6+1610054]&#10;	GetHandleVerifier [0x0148B53B+2299307]&#10;	GetHandleVerifier [0x012D8DA9+519705]&#10;	GetHandleVerifier [0x012D7759+513993]&#10;	Ordinal0 [0x011E112D+2232621]&#10;	Ordinal0 [0x011E55F8+2250232]&#10;	Ordinal0 [0x011E5732+2250546]&#10;	Ordinal0 [0x011EE591+2286993]&#10;	BaseThreadInitThunk [0x76B9FA29+25]&#10;	RtlGetAppContainerNamedObjectPath [0x770B7A9E+286]&#10;	RtlGetAppContainerNamedObjectPath [0x770B7A6E+238]&#10;" type="org.openqa.selenium.WebDriverException"><![CDATA[org.openqa.selenium.WebDriverException: 
chrome not reachable
Build info: version: '3.141.59', revision: 'e82be7d358', time: '2018-11-14T08:17:03'
System info: host: 'LAPTOP-7BGC73VB', ip: '192.168.1.7', os.name: 'Windows 10', os.arch: 'amd64', os.version: '10.0', java.version: '1.8.0_291'
Driver info: driver.version: ChromeDriver
remote stacktrace: Backtrace:
	Ordinal0 [0x0124A2D3+2663123]
	Ordinal0 [0x011DA491+2204817]
	Ordinal0 [0x010C1FE0+1056736]
	Ordinal0 [0x010B6F95+1011605]
	Ordinal0 [0x010DFD61+1178977]
	Ordinal0 [0x010DC335+1164085]
	Ordinal0 [0x010D9B7F+1153919]
	Ordinal0 [0x01109D8F+1351055]
	Ordinal0 [0x011099FA+1350138]
	Ordinal0 [0x0110589B+1333403]
	Ordinal0 [0x010E1F74+1187700]
	Ordinal0 [0x010E2DC9+1191369]
	GetHandleVerifier [0x013E30D6+1610054]
	GetHandleVerifier [0x0148B53B+2299307]
	GetHandleVerifier [0x012D8DA9+519705]
	GetHandleVerifier [0x012D7759+513993]
	Ordinal0 [0x011E112D+2232621]
	Ordinal0 [0x011E55F8+2250232]
	Ordinal0 [0x011E5732+2250546]
	Ordinal0 [0x011EE591+2286993]
	BaseThreadInitThunk [0x76B9FA29+25]
	RtlGetAppContainerNamedObjectPath [0x770B7A9E+286]
	RtlGetAppContainerNamedObjectPath [0x770B7A6E+238]

]]></failure>
    <system-out><![CDATA[/src/test/resources/Drivers/chromedriver.exe
]]></system-out>
    <system-err><![CDATA[Starting ChromeDriver 93.0.4577.15 (660fc11082ba57405eca2e8c49c3e1af756fbfae-refs/branch-heads/4577@{#203}) on port 38671
Only local connections are allowed.
Please see https://chromedriver.chromium.org/security-considerations for suggestions on keeping ChromeDriver safe.
ChromeDriver was started successfully.
]]></system-err>
  </testcase>
  <testcase name="verifyContactDetails" classname="com.reobeen.qa.testcase.ContactTest" time="0">
    <skipped message="chrome not reachable&#10;Build info: version: &apos;3.141.59&apos;, revision: &apos;e82be7d358&apos;, time: &apos;2018-11-14T08:17:03&apos;&#10;System info: host: &apos;LAPTOP-7BGC73VB&apos;, ip: &apos;192.168.1.7&apos;, os.name: &apos;Windows 10&apos;, os.arch: &apos;amd64&apos;, os.version: &apos;10.0&apos;, java.version: &apos;1.8.0_291&apos;&#10;Driver info: driver.version: ChromeDriver&#10;remote stacktrace: Backtrace:&#10;	Ordinal0 [0x0124A2D3+2663123]&#10;	Ordinal0 [0x011DA491+2204817]&#10;	Ordinal0 [0x010C1FE0+1056736]&#10;	Ordinal0 [0x010B6F95+1011605]&#10;	Ordinal0 [0x010DFD61+1178977]&#10;	Ordinal0 [0x010DC335+1164085]&#10;	Ordinal0 [0x010D9B7F+1153919]&#10;	Ordinal0 [0x01109D8F+1351055]&#10;	Ordinal0 [0x011099FA+1350138]&#10;	Ordinal0 [0x0110589B+1333403]&#10;	Ordinal0 [0x010E1F74+1187700]&#10;	Ordinal0 [0x010E2DC9+1191369]&#10;	GetHandleVerifier [0x013E30D6+1610054]&#10;	GetHandleVerifier [0x0148B53B+2299307]&#10;	GetHandleVerifier [0x012D8DA9+519705]&#10;	GetHandleVerifier [0x012D7759+513993]&#10;	Ordinal0 [0x011E112D+2232621]&#10;	Ordinal0 [0x011E55F8+2250232]&#10;	Ordinal0 [0x011E5732+2250546]&#10;	Ordinal0 [0x011EE591+2286993]&#10;	BaseThreadInitThunk [0x76B9FA29+25]&#10;	RtlGetAppContainerNamedObjectPath [0x770B7A9E+286]&#10;	RtlGetAppContainerNamedObjectPath [0x770B7A6E+238]&#10;"/>
  </testcase>
  <testcase name="takeScreenshotOnFailure" classname="com.reobeen.qa.testcase.ContactTest" time="0">
    <skipped/>
  </testcase>
  <testcase name="takeScreenshotOnFailure" classname="com.reobeen.qa.testcase.ContactTest" time="0">
    <skipped/>
  </testcase>
  <testcase name="takeScreenshotOnFailure" classname="com.reobeen.qa.testcase.ContactTest" time="0">
    <skipped/>
  </testcase>
  <testcase name="takeScreenshotOnFailure" classname="com.reobeen.qa.testcase.ContactTest" time="0">
    <skipped/>
  </testcase>
  <testcase name="takeScreenshotOnFailure" classname="com.reobeen.qa.testcase.ContactTest" time="0">
    <skipped/>
  </testcase>
  <testcase name="takeScreenshotOnFailure" classname="com.reobeen.qa.testcase.ContactTest" time="0">
    <skipped/>
  </testcase>
  <testcase name="verifyUploadContact" classname="com.reobeen.qa.testcase.ContactTest" time="0">
    <skipped message="chrome not reachable&#10;Build info: version: &apos;3.141.59&apos;, revision: &apos;e82be7d358&apos;, time: &apos;2018-11-14T08:17:03&apos;&#10;System info: host: &apos;LAPTOP-7BGC73VB&apos;, ip: &apos;192.168.1.7&apos;, os.name: &apos;Windows 10&apos;, os.arch: &apos;amd64&apos;, os.version: &apos;10.0&apos;, java.version: &apos;1.8.0_291&apos;&#10;Driver info: driver.version: ChromeDriver&#10;remote stacktrace: Backtrace:&#10;	Ordinal0 [0x0124A2D3+2663123]&#10;	Ordinal0 [0x011DA491+2204817]&#10;	Ordinal0 [0x010C1FE0+1056736]&#10;	Ordinal0 [0x010B6F95+1011605]&#10;	Ordinal0 [0x010DFD61+1178977]&#10;	Ordinal0 [0x010DC335+1164085]&#10;	Ordinal0 [0x010D9B7F+1153919]&#10;	Ordinal0 [0x01109D8F+1351055]&#10;	Ordinal0 [0x011099FA+1350138]&#10;	Ordinal0 [0x0110589B+1333403]&#10;	Ordinal0 [0x010E1F74+1187700]&#10;	Ordinal0 [0x010E2DC9+1191369]&#10;	GetHandleVerifier [0x013E30D6+1610054]&#10;	GetHandleVerifier [0x0148B53B+2299307]&#10;	GetHandleVerifier [0x012D8DA9+519705]&#10;	GetHandleVerifier [0x012D7759+513993]&#10;	Ordinal0 [0x011E112D+2232621]&#10;	Ordinal0 [0x011E55F8+2250232]&#10;	Ordinal0 [0x011E5732+2250546]&#10;	Ordinal0 [0x011EE591+2286993]&#10;	BaseThreadInitThunk [0x76B9FA29+25]&#10;	RtlGetAppContainerNamedObjectPath [0x770B7A9E+286]&#10;	RtlGetAppContainerNamedObjectPath [0x770B7A6E+238]&#10;"/>
  </testcase>
  <testcase name="verifyEditCustomerDetails[Anantarathomas](1)" classname="com.reobeen.qa.testcase.ContactTest" time="0">
    <skipped message="chrome not reachable&#10;Build info: version: &apos;3.141.59&apos;, revision: &apos;e82be7d358&apos;, time: &apos;2018-11-14T08:17:03&apos;&#10;System info: host: &apos;LAPTOP-7BGC73VB&apos;, ip: &apos;192.168.1.7&apos;, os.name: &apos;Windows 10&apos;, os.arch: &apos;amd64&apos;, os.version: &apos;10.0&apos;, java.version: &apos;1.8.0_291&apos;&#10;Driver info: driver.version: ChromeDriver&#10;remote stacktrace: Backtrace:&#10;	Ordinal0 [0x0124A2D3+2663123]&#10;	Ordinal0 [0x011DA491+2204817]&#10;	Ordinal0 [0x010C1FE0+1056736]&#10;	Ordinal0 [0x010B6F95+1011605]&#10;	Ordinal0 [0x010DFD61+1178977]&#10;	Ordinal0 [0x010DC335+1164085]&#10;	Ordinal0 [0x010D9B7F+1153919]&#10;	Ordinal0 [0x01109D8F+1351055]&#10;	Ordinal0 [0x011099FA+1350138]&#10;	Ordinal0 [0x0110589B+1333403]&#10;	Ordinal0 [0x010E1F74+1187700]&#10;	Ordinal0 [0x010E2DC9+1191369]&#10;	GetHandleVerifier [0x013E30D6+1610054]&#10;	GetHandleVerifier [0x0148B53B+2299307]&#10;	GetHandleVerifier [0x012D8DA9+519705]&#10;	GetHandleVerifier [0x012D7759+513993]&#10;	Ordinal0 [0x011E112D+2232621]&#10;	Ordinal0 [0x011E55F8+2250232]&#10;	Ordinal0 [0x011E5732+2250546]&#10;	Ordinal0 [0x011EE591+2286993]&#10;	BaseThreadInitThunk [0x76B9FA29+25]&#10;	RtlGetAppContainerNamedObjectPath [0x770B7A9E+286]&#10;	RtlGetAppContainerNamedObjectPath [0x770B7A6E+238]&#10;"/>
  </testcase>
  <testcase name="verifyDeleteCustomerDetails" classname="com.reobeen.qa.testcase.ContactTest" time="0">
    <skipped message="chrome not reachable&#10;Build info: version: &apos;3.141.59&apos;, revision: &apos;e82be7d358&apos;, time: &apos;2018-11-14T08:17:03&apos;&#10;System info: host: &apos;LAPTOP-7BGC73VB&apos;, ip: &apos;192.168.1.7&apos;, os.name: &apos;Windows 10&apos;, os.arch: &apos;amd64&apos;, os.version: &apos;10.0&apos;, java.version: &apos;1.8.0_291&apos;&#10;Driver info: driver.version: ChromeDriver&#10;remote stacktrace: Backtrace:&#10;	Ordinal0 [0x0124A2D3+2663123]&#10;	Ordinal0 [0x011DA491+2204817]&#10;	Ordinal0 [0x010C1FE0+1056736]&#10;	Ordinal0 [0x010B6F95+1011605]&#10;	Ordinal0 [0x010DFD61+1178977]&#10;	Ordinal0 [0x010DC335+1164085]&#10;	Ordinal0 [0x010D9B7F+1153919]&#10;	Ordinal0 [0x01109D8F+1351055]&#10;	Ordinal0 [0x011099FA+1350138]&#10;	Ordinal0 [0x0110589B+1333403]&#10;	Ordinal0 [0x010E1F74+1187700]&#10;	Ordinal0 [0x010E2DC9+1191369]&#10;	GetHandleVerifier [0x013E30D6+1610054]&#10;	GetHandleVerifier [0x0148B53B+2299307]&#10;	GetHandleVerifier [0x012D8DA9+519705]&#10;	GetHandleVerifier [0x012D7759+513993]&#10;	Ordinal0 [0x011E112D+2232621]&#10;	Ordinal0 [0x011E55F8+2250232]&#10;	Ordinal0 [0x011E5732+2250546]&#10;	Ordinal0 [0x011EE591+2286993]&#10;	BaseThreadInitThunk [0x76B9FA29+25]&#10;	RtlGetAppContainerNamedObjectPath [0x770B7A9E+286]&#10;	RtlGetAppContainerNamedObjectPath [0x770B7A6E+238]&#10;"/>
  </testcase>
  <testcase name="verifyViewContactDetails" classname="com.reobeen.qa.testcase.ContactTest" time="0">
    <skipped message="chrome not reachable&#10;Build info: version: &apos;3.141.59&apos;, revision: &apos;e82be7d358&apos;, time: &apos;2018-11-14T08:17:03&apos;&#10;System info: host: &apos;LAPTOP-7BGC73VB&apos;, ip: &apos;192.168.1.7&apos;, os.name: &apos;Windows 10&apos;, os.arch: &apos;amd64&apos;, os.version: &apos;10.0&apos;, java.version: &apos;1.8.0_291&apos;&#10;Driver info: driver.version: ChromeDriver&#10;remote stacktrace: Backtrace:&#10;	Ordinal0 [0x0124A2D3+2663123]&#10;	Ordinal0 [0x011DA491+2204817]&#10;	Ordinal0 [0x010C1FE0+1056736]&#10;	Ordinal0 [0x010B6F95+1011605]&#10;	Ordinal0 [0x010DFD61+1178977]&#10;	Ordinal0 [0x010DC335+1164085]&#10;	Ordinal0 [0x010D9B7F+1153919]&#10;	Ordinal0 [0x01109D8F+1351055]&#10;	Ordinal0 [0x011099FA+1350138]&#10;	Ordinal0 [0x0110589B+1333403]&#10;	Ordinal0 [0x010E1F74+1187700]&#10;	Ordinal0 [0x010E2DC9+1191369]&#10;	GetHandleVerifier [0x013E30D6+1610054]&#10;	GetHandleVerifier [0x0148B53B+2299307]&#10;	GetHandleVerifier [0x012D8DA9+519705]&#10;	GetHandleVerifier [0x012D7759+513993]&#10;	Ordinal0 [0x011E112D+2232621]&#10;	Ordinal0 [0x011E55F8+2250232]&#10;	Ordinal0 [0x011E5732+2250546]&#10;	Ordinal0 [0x011EE591+2286993]&#10;	BaseThreadInitThunk [0x76B9FA29+25]&#10;	RtlGetAppContainerNamedObjectPath [0x770B7A9E+286]&#10;	RtlGetAppContainerNamedObjectPath [0x770B7A6E+238]&#10;"/>
  </testcase>
  <testcase name="verifyCustomerDetails[Mary, 6512347890](1)" classname="com.reobeen.qa.testcase.ContactTest" time="0">
    <skipped message="chrome not reachable&#10;Build info: version: &apos;3.141.59&apos;, revision: &apos;e82be7d358&apos;, time: &apos;2018-11-14T08:17:03&apos;&#10;System info: host: &apos;LAPTOP-7BGC73VB&apos;, ip: &apos;192.168.1.7&apos;, os.name: &apos;Windows 10&apos;, os.arch: &apos;amd64&apos;, os.version: &apos;10.0&apos;, java.version: &apos;1.8.0_291&apos;&#10;Driver info: driver.version: ChromeDriver&#10;remote stacktrace: Backtrace:&#10;	Ordinal0 [0x0124A2D3+2663123]&#10;	Ordinal0 [0x011DA491+2204817]&#10;	Ordinal0 [0x010C1FE0+1056736]&#10;	Ordinal0 [0x010B6F95+1011605]&#10;	Ordinal0 [0x010DFD61+1178977]&#10;	Ordinal0 [0x010DC335+1164085]&#10;	Ordinal0 [0x010D9B7F+1153919]&#10;	Ordinal0 [0x01109D8F+1351055]&#10;	Ordinal0 [0x011099FA+1350138]&#10;	Ordinal0 [0x0110589B+1333403]&#10;	Ordinal0 [0x010E1F74+1187700]&#10;	Ordinal0 [0x010E2DC9+1191369]&#10;	GetHandleVerifier [0x013E30D6+1610054]&#10;	GetHandleVerifier [0x0148B53B+2299307]&#10;	GetHandleVerifier [0x012D8DA9+519705]&#10;	GetHandleVerifier [0x012D7759+513993]&#10;	Ordinal0 [0x011E112D+2232621]&#10;	Ordinal0 [0x011E55F8+2250232]&#10;	Ordinal0 [0x011E5732+2250546]&#10;	Ordinal0 [0x011EE591+2286993]&#10;	BaseThreadInitThunk [0x76B9FA29+25]&#10;	RtlGetAppContainerNamedObjectPath [0x770B7A9E+286]&#10;	RtlGetAppContainerNamedObjectPath [0x770B7A6E+238]&#10;"/>
  </testcase>
  <testcase name="after" classname="com.reobeen.qa.testcase.ContactTest" time="0.001">
    <failure type="java.lang.NullPointerException"><![CDATA[java.lang.NullPointerException
]]></failure>
  </testcase>
</testsuite>